<?xml version="1.0" encoding="UTF-8"?>
<!-- Generated by org.testng.reporters.JUnitXMLReporter -->
<testsuite ignored="0" hostname="LAPTOP-6KN3HGT8" failures="1" tests="3" name="Test" time="12.758" errors="0" timestamp="2022-04-08T04:47:54 EDT">
  <testcase classname="allureReports.Tests" name="logoPresenceTest" time="0.22"/>
  <testcase classname="allureReports.Tests" name="loginTest" time="1.889">
    <failure type="java.lang.AssertionError" message="expected [Login was unsuccessful. Please correct the errors and try again.] but found [Login was unsuccessful. Please correct the errors and try again.
No customer account found]">
      <![CDATA[java.lang.AssertionError: expected [Login was unsuccessful. Please correct the errors and try again.] but found [Login was unsuccessful. Please correct the errors and try again.
No customer account found]
at allureReports.Tests.loginTest(Tests.java:65)
at java.base/java.util.ArrayList.forEach(ArrayList.java:1511)
... Removed 37 stack frames]]>
    </failure>
  </testcase> <!-- loginTest -->
  <testcase classname="allureReports.Tests" name="registrationTest" time="0.006">
    <skipped/>
  </testcase> <!-- registrationTest -->
</testsuite> <!-- Test -->
